<?xml version="1.0" encoding="UTF-8"?>
<!-- Generated by org.testng.reporters.JUnitReportReporter -->
<testsuite hostname="EG-MNESIEM" failures="0" tests="1" name="jiraAPITest.NewTest" time="1.546" errors="0" timestamp="2021-01-31T18:46:11 EET" skipped="0">
  <testcase classname="jiraAPITest.NewTest" name="JiraAPICreateIssue" time="1.546"/>
  <system-out/>
</testsuite> <!-- jiraAPITest.NewTest -->
