<?xml version="1.0" encoding="UTF-8"?>
<!-- Generated by org.testng.reporters.JUnitReportReporter -->
<testsuite hostname="EG-MNESIEM" failures="0" tests="1" name="SumValidation" time="0.575" errors="0" timestamp="2021-01-24T17:30:01 EET" skipped="0">
  <testcase classname="SumValidation" name="sumOfCourses" time="0.575"/>
</testsuite> <!-- SumValidation -->
