<?xml version="1.0" encoding="UTF-8"?>
<!-- Generated by org.testng.reporters.JUnitReportReporter -->
<testsuite hostname="EG-MNESIEM" failures="0" tests="1" name="DynamicJson" time="0.000" errors="0" timestamp="2021-01-24T19:21:24 EET" skipped="1">
  <testcase classname="DynamicJson" name="addBook" time="0.000">
    <skipped/>
  </testcase> <!-- addBook -->
</testsuite> <!-- DynamicJson -->
