<?xml version="1.0" encoding="UTF-8"?>
<!-- Generated by org.testng.reporters.JUnitReportReporter -->
<testsuite hostname="EG-MNESIEM" failures="0" tests="1" name="demo.GoogleMapsTest" time="2.111" errors="0" timestamp="2021-02-14T14:45:41 EET" skipped="0">
  <testcase classname="demo.GoogleMapsTest" name="f" time="2.111"/>
  <system-out/>
</testsuite> <!-- demo.GoogleMapsTest -->
