<?xml version="1.0" encoding="UTF-8"?>
<!-- Generated by org.testng.reporters.JUnitReportReporter -->
<testsuite hostname="EG-MNESIEM" failures="0" tests="1" name="ClientCredentials.NewTest" time="1.651" errors="0" timestamp="2021-02-07T20:39:35 EET" skipped="0">
  <testcase classname="ClientCredentials.NewTest" name="OAuthGrantType" time="1.651"/>
  <system-out/>
</testsuite> <!-- ClientCredentials.NewTest -->
