<?xml version="1.0" encoding="UTF-8"?>
<!-- Generated by org.testng.reporters.JUnitReportReporter -->
<testsuite hostname="EG-MNESIEM" failures="0" tests="1" name="OAuth.NewTest" time="2.255" errors="0" timestamp="2021-02-07T19:53:25 EET" skipped="0">
  <testcase classname="OAuth.NewTest" name="OAuthGrantType" time="2.255"/>
  <system-out/>
</testsuite> <!-- OAuth.NewTest -->
